C:\lscc\diamond\2.2_x64\synpbase\bin64\c_ver.exe  -osyn  C:\Users\tmatsuya\Dropbox\fpga\magukara\boards\ecp3versa\rtl\ipexpress\ecp3\pciex1\syn_results\synwork\pcs_pipe_top_compiler.srs  -top  pcs_pipe_top  -prodtype  synplify_pro  -dspmac -fixsmult -infer_seqShift -nram -divnmod -I C:\Users\tmatsuya\Dropbox\fpga\magukara\boards\ecp3versa\rtl\ipexpress\ecp3\pciex1\syn_results\  -I C:\lscc\diamond\2.2_x64\synpbase\lib  -v2001  -devicelib  C:\lscc\diamond\2.2_x64\synpbase\lib\lucent\ecp3.v  -devicelib  C:\lscc\diamond\2.2_x64\synpbase\lib\lucent\pmi_def.v  -encrypt  -pro  -dmgen  C:\Users\tmatsuya\Dropbox\fpga\magukara\boards\ecp3versa\rtl\ipexpress\ecp3\pciex1\syn_results\dm  -ll 2000   -ui -fid2 -ram -sharing off  -autosm -lib work C:\lscc\diamond\2.2_x64\cae_library\synthesis\verilog\ecp3.v -lib work C:\Users\tmatsuya\Dropbox\fpga\magukara\boards\ecp3versa\rtl\ipexpress\ecp3\pciex1\pcie_eval\pcie\src\params\pci_exp_params.v -lib work C:\lscc\diamond\2.2_x64\cae_library\synthesis\verilog\pmi_def.v -lib work C:\Users\tmatsuya\Dropbox\fpga\magukara\boards\ecp3versa\rtl\ipexpress\ecp3\pciex1\pcie_eval\models\ecp3\sync1s.v -lib work C:\Users\tmatsuya\Dropbox\fpga\magukara\boards\ecp3versa\rtl\ipexpress\ecp3\pciex1\pcie_eval\models\ecp3\ctc.v -lib work C:\Users\tmatsuya\Dropbox\fpga\magukara\boards\ecp3versa\rtl\ipexpress\ecp3\pciex1\pcie_eval\models\ecp3\rx_gear.v -lib work C:\Users\tmatsuya\Dropbox\fpga\magukara\boards\ecp3versa\rtl\ipexpress\ecp3\pciex1\pcie_eval\models\ecp3\tx_gear.v -lib work C:\Users\tmatsuya\Dropbox\fpga\magukara\boards\ecp3versa\rtl\ipexpress\ecp3\pciex1\pcie_eval\models\ecp3\pcs_top.v -lib work C:\Users\tmatsuya\Dropbox\fpga\magukara\boards\ecp3versa\rtl\ipexpress\ecp3\pciex1\pcie_eval\models\ecp3\pipe_top.v -lib work C:\Users\tmatsuya\Dropbox\fpga\magukara\boards\ecp3versa\rtl\ipexpress\ecp3\pciex1\pcie_eval\models\ecp3\rx_reset_sm.v -lib work C:\Users\tmatsuya\Dropbox\fpga\magukara\boards\ecp3versa\rtl\ipexpress\ecp3\pciex1\pcie_eval\models\ecp3\tx_reset_sm.v -lib work C:\Users\tmatsuya\Dropbox\fpga\magukara\boards\ecp3versa\rtl\ipexpress\ecp3\pciex1\pcie_eval\models\ecp3\pcs_pipe_top.v -loga  C:\Users\tmatsuya\Dropbox\fpga\magukara\boards\ecp3versa\rtl\ipexpress\ecp3\pciex1\syn_results\pcs_pipe_top.srr 
rc:1 success:1
C:\Users\tmatsuya\Dropbox\fpga\magukara\boards\ecp3versa\rtl\ipexpress\ecp3\pciex1\syn_results\synwork\pcs_pipe_top_compiler.srs|o|1407074626|72977
C:\lscc\diamond\2.2_x64\synpbase\lib\lucent\ecp3.v|i|1362968364|117633
C:\lscc\diamond\2.2_x64\synpbase\lib\lucent\pmi_def.v|i|1362968364|40586
C:\lscc\diamond\2.2_x64\cae_library\synthesis\verilog\ecp3.v|i|1347596694|117640
C:\Users\tmatsuya\Dropbox\fpga\magukara\boards\ecp3versa\rtl\ipexpress\ecp3\pciex1\pcie_eval\pcie\src\params\pci_exp_params.v|i|1407074570|2402
C:\lscc\diamond\2.2_x64\cae_library\synthesis\verilog\pmi_def.v|i|1367576906|39413
C:\Users\tmatsuya\Dropbox\fpga\magukara\boards\ecp3versa\rtl\ipexpress\ecp3\pciex1\pcie_eval\models\ecp3\sync1s.v|i|1212465300|3721
C:\Users\tmatsuya\Dropbox\fpga\magukara\boards\ecp3versa\rtl\ipexpress\ecp3\pciex1\pcie_eval\models\ecp3\ctc.v|i|1212897480|13203
C:\Users\tmatsuya\Dropbox\fpga\magukara\boards\ecp3versa\rtl\ipexpress\ecp3\pciex1\pcie_eval\models\ecp3\rx_gear.v|i|1212546240|6134
C:\Users\tmatsuya\Dropbox\fpga\magukara\boards\ecp3versa\rtl\ipexpress\ecp3\pciex1\pcie_eval\models\ecp3\tx_gear.v|i|1212546240|5759
C:\Users\tmatsuya\Dropbox\fpga\magukara\boards\ecp3versa\rtl\ipexpress\ecp3\pciex1\pcie_eval\models\ecp3\pcs_top.v|i|1326907384|42864
C:\Users\tmatsuya\Dropbox\fpga\magukara\boards\ecp3versa\rtl\ipexpress\ecp3\pciex1\pcie_eval\models\ecp3\pipe_top.v|i|1212897480|21437
C:\Users\tmatsuya\Dropbox\fpga\magukara\boards\ecp3versa\rtl\ipexpress\ecp3\pciex1\pcie_eval\models\ecp3\rx_reset_sm.v|i|1326902672|10374
C:\Users\tmatsuya\Dropbox\fpga\magukara\boards\ecp3versa\rtl\ipexpress\ecp3\pciex1\pcie_eval\models\ecp3\tx_reset_sm.v|i|1309369886|8002
C:\Users\tmatsuya\Dropbox\fpga\magukara\boards\ecp3versa\rtl\ipexpress\ecp3\pciex1\pcie_eval\models\ecp3\pcs_pipe_top.v|i|1327949302|76008
C:\Users\tmatsuya\Dropbox\fpga\magukara\boards\ecp3versa\rtl\ipexpress\ecp3\pciex1\syn_results\pcs_pipe_top.srr|o|1407074626|27833
C:\lscc\diamond\2.2_x64\synpbase\bin64\c_ver.exe|i|1362968204|5587968
C:\lscc\diamond\2.2_x64\synpbase\bin\c_ver.exe|i|1362968192|2088448
